<?xml version="1.0" encoding="UTF-8"?>
<!-- Generated by org.testng.reporters.JUnitReportReporter -->
<testsuite skipped="0" hostname="G5-PC" name="testcases.VerifyDashboardpage" tests="5" failures="0" timestamp="26 Mar 2018 12:15:22 GMT" time="93.406" errors="0">
  <testcase name="clickolog" time="17.474" classname="testcases.VerifyDashboardpage"/>
  <testcase name="VerifydasboardLogin" time="32.663" classname="testcases.VerifyDashboardpage"/>
  <testcase name="verifyLoyaltyDshboard" time="19.236" classname="testcases.VerifyDashboardpage"/>
  <testcase name="verifyEarnpoint" time="18.601" classname="testcases.VerifyDashboardpage"/>
  <testcase name="VerifyManangereward" time="5.432" classname="testcases.VerifyDashboardpage"/>
</testsuite> <!-- testcases.VerifyDashboardpage -->
