<?xml version="1.0" encoding="UTF-8"?>
<!-- Generated by org.testng.reporters.JUnitReportReporter -->
<testsuite skipped="0" hostname="G5-PC" name="testcases.VerifyLoginPage" tests="2" failures="0" timestamp="24 Mar 2018 12:56:17 GMT" time="40.766" errors="0">
  <testcase name="clickolog" time="19.633" classname="testcases.VerifyLoginPage"/>
  <testcase name="VerifydasboardLogin" time="21.133" classname="testcases.VerifyLoginPage"/>
</testsuite> <!-- testcases.VerifyLoginPage -->
