<?xml version="1.0" encoding="UTF-8"?>
<!-- Generated by org.testng.reporters.JUnitReportReporter -->
<testsuite skipped="0" hostname="G5-PC" name="unittest.DataProviderTest" tests="2" failures="0" timestamp="22 Mar 2018 11:26:22 GMT" time="0.612" errors="0">
  <testcase name="testconfig" time="0.014" classname="unittest.DataProviderTest"/>
  <testcase name="testexceldata" time="0.598" classname="unittest.DataProviderTest"/>
</testsuite> <!-- unittest.DataProviderTest -->
