<?xml version="1.0" encoding="UTF-8"?>
<!-- Generated by org.testng.reporters.JUnitReportReporter -->
<testsuite skipped="0" hostname="G5-PC" name="unittest.Configtest$TestConfigReader" tests="2" failures="0" timestamp="22 Mar 2018 09:46:51 GMT" time="0.013" errors="0">
  <testcase name="testConfig" time="0.011" classname="unittest.Configtest$TestConfigReader"/>
  <testcase name="testConfig1" time="0.002" classname="unittest.Configtest$TestConfigReader"/>
</testsuite> <!-- unittest.Configtest$TestConfigReader -->
